<?xml version="1.0" encoding="UTF-8"?>
<!-- Generated by org.testng.reporters.JUnitXMLReporter -->
<testsuite ignored="0" hostname="DESKTOP-OENNOO4" failures="1" tests="4" name="Chrome(failed)" time="25.919" errors="0" timestamp="2022-10-09T18:53:51 IST">
  <testcase classname="test.TC5_allTC" name="verifyAllProductFunctionality" time="0.63">
    <failure type="java.lang.AssertionError" message="expected [6] but found [3]">
      <![CDATA[java.lang.AssertionError: expected [6] but found [3]
at test.TC5_allTC.verifyAllProductFunctionality(TC5_allTC.java:74)
at java.base/java.util.ArrayList.forEach(ArrayList.java:1511)
... Removed 31 stack frames]]>
    </failure>
  </testcase> <!-- verifyAllProductFunctionality -->
  <testcase classname="test.TC5_allTC" name="verifyLoginFunctionality" time="0.017"/>
  <testcase classname="test.TC5_allTC" name="verifyBagProductFunctionality" time="0.216"/>
  <testcase classname="test.TC5_allTC" name="verifyLOgOutFunctionality" time="0.01"/>
</testsuite> <!-- Chrome(failed) -->
